[CopyFiles]
C:\Users\user\Documents\Dynomite (Level Editor)\fmod.dll=
C:\Users\user\Documents\Dynomite (Level Editor)\DEFAULT.EGG=
C:\Users\user\Documents\Dynomite (Level Editor)\Readme.txt=
C:\Users\user\Documents\Dynomite (Level Editor)\Dynomite.exe=
C:\Users\user\Documents\Dynomite (Level Editor)\data\Whitefontsmall.txt=
C:\Users\user\Documents\Dynomite (Level Editor)\data\Whitefont.txt=
C:\Users\user\Documents\Dynomite (Level Editor)\data\whitefont2.txt=
C:\Users\user\Documents\Dynomite (Level Editor)\sounds\alert.ogg=
C:\Users\user\Documents\Dynomite (Level Editor)\sounds\Aooga.ogg=
C:\Users\user\Documents\Dynomite (Level Editor)\sounds\blastit.ogg=
C:\Users\user\Documents\Dynomite (Level Editor)\sounds\BreakEgg.wav=
C:\Users\user\Documents\Dynomite (Level Editor)\sounds\charge.ogg=
C:\Users\user\Documents\Dynomite (Level Editor)\sounds\click.ogg=
C:\Users\user\Documents\Dynomite (Level Editor)\sounds\EggLands.wav=
C:\Users\user\Documents\Dynomite (Level Editor)\sounds\explode.ogg=
C:\Users\user\Documents\Dynomite (Level Editor)\sounds\warning.ogg=
C:\Users\user\Documents\Dynomite (Level Editor)\sounds\explosion.ogg=
C:\Users\user\Documents\Dynomite (Level Editor)\sounds\fireinthehole.ogg=
C:\Users\user\Documents\Dynomite (Level Editor)\sounds\footlands.ogg=
C:\Users\user\Documents\Dynomite (Level Editor)\sounds\grind.ogg=
C:\Users\user\Documents\Dynomite (Level Editor)\sounds\Inchypop.ogg=
C:\Users\user\Documents\Dynomite (Level Editor)\sounds\kaboom.ogg=
C:\Users\user\Documents\Dynomite (Level Editor)\sounds\mama1.ogg=
C:\Users\user\Documents\Dynomite (Level Editor)\sounds\mama2.ogg=
C:\Users\user\Documents\Dynomite (Level Editor)\sounds\PopBonus.ogg=
C:\Users\user\Documents\Dynomite (Level Editor)\sounds\Reward.ogg=
C:\Users\user\Documents\Dynomite (Level Editor)\sounds\rubbershot.ogg=
C:\Users\user\Documents\Dynomite (Level Editor)\sounds\ScoreMultiplier.ogg=
C:\Users\user\Documents\Dynomite (Level Editor)\sounds\Thunderbolt.ogg=
C:\Users\user\Documents\Dynomite (Level Editor)\sounds\WhirleyHit.ogg=
C:\Users\user\Documents\Dynomite (Level Editor)\sounds\Xcambriancombo.ogg=
C:\Users\user\Documents\Dynomite (Level Editor)\sounds\Xcombo.ogg=
C:\Users\user\Documents\Dynomite (Level Editor)\sounds\Xcretaceouscombo.ogg=
C:\Users\user\Documents\Dynomite (Level Editor)\sounds\Xdynamitecombo.ogg=
C:\Users\user\Documents\Dynomite (Level Editor)\sounds\Xgameover.ogg=
C:\Users\user\Documents\Dynomite (Level Editor)\sounds\Xjurassiccombo.ogg=
C:\Users\user\Documents\Dynomite (Level Editor)\sounds\Xsupercombo.ogg=
C:\Users\user\Documents\Dynomite (Level Editor)\sounds\Xtriassiccombo.ogg=
C:\Users\user\Documents\Dynomite (Level Editor)\sounds\Xwelcometodynomite.ogg=
C:\Users\user\Documents\Dynomite (Level Editor)\sounds\Xwhirleyscoming1.ogg=
C:\Users\user\Documents\Dynomite (Level Editor)\sounds\Xwhirleyscoming2.ogg=
C:\Users\user\Documents\Dynomite (Level Editor)\sounds\whirleysiren.ogg=
C:\Users\user\Documents\Dynomite (Level Editor)\sounds\footfallrumble.ogg=
C:\Users\user\Documents\Dynomite (Level Editor)\sounds\footfall.ogg=
C:\Users\user\Documents\Dynomite (Level Editor)\sounds\Chime.ogg=
C:\Users\user\Documents\Dynomite (Level Editor)\sounds\XTimesRunningOut.ogg=
C:\Users\user\Documents\Dynomite (Level Editor)\sounds\fossil.ogg=
C:\Users\user\Documents\Dynomite (Level Editor)\sounds\ticktock.ogg=
C:\Users\user\Documents\Dynomite (Level Editor)\sounds\Roar.ogg=
C:\Users\user\Documents\Dynomite (Level Editor)\sounds\Footstep.ogg=
C:\Users\user\Documents\Dynomite (Level Editor)\sounds\speedup.ogg=
C:\Users\user\Documents\Dynomite (Level Editor)\music\Amazonas.it=
C:\Users\user\Documents\Dynomite (Level Editor)\music\Omniphilia.it=
C:\Users\user\Documents\Dynomite (Level Editor)\Stomped\Readme.txt=
C:\Users\user\Documents\Dynomite (Level Editor)\Images\_aimX.gif=
C:\Users\user\Documents\Dynomite (Level Editor)\Images\_alert.gif=
C:\Users\user\Documents\Dynomite (Level Editor)\Images\_AnnounceFont.gif=
C:\Users\user\Documents\Dynomite (Level Editor)\Images\_bolt.gif=
C:\Users\user\Documents\Dynomite (Level Editor)\Images\_Bomb.gif=
C:\Users\user\Documents\Dynomite (Level Editor)\Images\_bonus(egg)sheet.gif=
C:\Users\user\Documents\Dynomite (Level Editor)\Images\_bonus(view)sheet.gif=
C:\Users\user\Documents\Dynomite (Level Editor)\Images\_boomsheet.gif=
C:\Users\user\Documents\Dynomite (Level Editor)\Images\_Cleared.jpg=
C:\Users\user\Documents\Dynomite (Level Editor)\Images\_cursor1.gif=
C:\Users\user\Documents\Dynomite (Level Editor)\Images\_dialog.gif=
C:\Users\user\Documents\Dynomite (Level Editor)\Images\_dynamitesheet.gif=
C:\Users\user\Documents\Dynomite (Level Editor)\Images\_eggpilesheet.gif=
C:\Users\user\Documents\Dynomite (Level Editor)\Images\_EggSheet.jpg=
C:\Users\user\Documents\Dynomite (Level Editor)\Images\_GameOver.jpg=
C:\Users\user\Documents\Dynomite (Level Editor)\Images\_inchy-large.gif=
C:\Users\user\Documents\Dynomite (Level Editor)\Images\_kroneyfacesheet.gif=
C:\Users\user\Documents\Dynomite (Level Editor)\Images\_kroneysheet.gif=
C:\Users\user\Documents\Dynomite (Level Editor)\Images\_mamaportrait.gif=
C:\Users\user\Documents\Dynomite (Level Editor)\Images\_overhand.gif=
C:\Users\user\Documents\Dynomite (Level Editor)\Images\_pointer2.gif=
C:\Users\user\Documents\Dynomite (Level Editor)\Images\_RowsToGo.gif=
C:\Users\user\Documents\Dynomite (Level Editor)\Images\_ScoreFont.gif=
C:\Users\user\Documents\Dynomite (Level Editor)\Images\_sparksheet.gif=
C:\Users\user\Documents\Dynomite (Level Editor)\Images\_steggy.gif=
C:\Users\user\Documents\Dynomite (Level Editor)\Images\_tanksheet.gif=
C:\Users\user\Documents\Dynomite (Level Editor)\Images\_textballoons.gif=
C:\Users\user\Documents\Dynomite (Level Editor)\Images\_Thermoglow.gif=
C:\Users\user\Documents\Dynomite (Level Editor)\Images\_thumb.gif=
C:\Users\user\Documents\Dynomite (Level Editor)\Images\_TinyFont.gif=
C:\Users\user\Documents\Dynomite (Level Editor)\Images\_unregistered.gif=
C:\Users\user\Documents\Dynomite (Level Editor)\Images\_WelcomeScreen.gif=
C:\Users\user\Documents\Dynomite (Level Editor)\Images\_whirleyalarm.gif=
C:\Users\user\Documents\Dynomite (Level Editor)\Images\_whirleysheet.gif=
C:\Users\user\Documents\Dynomite (Level Editor)\Images\_whirleysheet.jpg=
C:\Users\user\Documents\Dynomite (Level Editor)\Images\_WizardFont.gif=
C:\Users\user\Documents\Dynomite (Level Editor)\Images\_WizardGraphics.jpg=
C:\Users\user\Documents\Dynomite (Level Editor)\Images\aimX.gif=
C:\Users\user\Documents\Dynomite (Level Editor)\Images\alert.gif=
C:\Users\user\Documents\Dynomite (Level Editor)\Images\AnnounceFont.gif=
C:\Users\user\Documents\Dynomite (Level Editor)\Images\babysheet.gif=
C:\Users\user\Documents\Dynomite (Level Editor)\Images\bolt.gif=
C:\Users\user\Documents\Dynomite (Level Editor)\Images\Bomb.gif=
C:\Users\user\Documents\Dynomite (Level Editor)\Images\bonus(egg)sheet.gif=
C:\Users\user\Documents\Dynomite (Level Editor)\Images\bonus(view)sheet.gif=
C:\Users\user\Documents\Dynomite (Level Editor)\Images\boomsheet.gif=
C:\Users\user\Documents\Dynomite (Level Editor)\Images\ceiling.gif=
C:\Users\user\Documents\Dynomite (Level Editor)\Images\checkbox(checked).gif=
C:\Users\user\Documents\Dynomite (Level Editor)\Images\checkbox(unchecked).gif=
C:\Users\user\Documents\Dynomite (Level Editor)\Images\Cleared.jpg=
C:\Users\user\Documents\Dynomite (Level Editor)\Images\combotext.gif=
C:\Users\user\Documents\Dynomite (Level Editor)\Images\crackmask1.gif=
C:\Users\user\Documents\Dynomite (Level Editor)\Images\crackmask2.gif=
C:\Users\user\Documents\Dynomite (Level Editor)\Images\crackmask3.gif=
C:\Users\user\Documents\Dynomite (Level Editor)\Images\crackmask4.gif=
C:\Users\user\Documents\Dynomite (Level Editor)\Images\cursor1.gif=
C:\Users\user\Documents\Dynomite (Level Editor)\Images\dbutton.gif=
C:\Users\user\Documents\Dynomite (Level Editor)\Images\dialog.gif=
C:\Users\user\Documents\Dynomite (Level Editor)\Images\dynamitesheet.gif=
C:\Users\user\Documents\Dynomite (Level Editor)\Images\eggpilesheet.gif=
C:\Users\user\Documents\Dynomite (Level Editor)\Images\EggSheet.jpg=
C:\Users\user\Documents\Dynomite (Level Editor)\Images\eggwhite.gif=
C:\Users\user\Documents\Dynomite (Level Editor)\Images\foot.gif=
C:\Users\user\Documents\Dynomite (Level Editor)\Images\GameOver.jpg=
C:\Users\user\Documents\Dynomite (Level Editor)\Images\greenbar.jpg=
C:\Users\user\Documents\Dynomite (Level Editor)\Images\handsheet.gif=
C:\Users\user\Documents\Dynomite (Level Editor)\Images\inchy-large.gif=
C:\Users\user\Documents\Dynomite (Level Editor)\Images\inchy-large-mouth.gif=
C:\Users\user\Documents\Dynomite (Level Editor)\Images\inchysmallblink.gif=
C:\Users\user\Documents\Dynomite (Level Editor)\Images\inchysmallmouthsheet.gif=
C:\Users\user\Documents\Dynomite (Level Editor)\Images\inchysmallsheet.gif=
C:\Users\user\Documents\Dynomite (Level Editor)\Images\introscreen.jpg=
C:\Users\user\Documents\Dynomite (Level Editor)\Images\jungleback.jpg=
C:\Users\user\Documents\Dynomite (Level Editor)\Images\kroneyfacesheet.gif=
C:\Users\user\Documents\Dynomite (Level Editor)\Images\kroneyflipsheet.gif=
C:\Users\user\Documents\Dynomite (Level Editor)\Images\kroneyhourglasssheet.gif=
C:\Users\user\Documents\Dynomite (Level Editor)\Images\kroneysandbottomsheet.gif=
C:\Users\user\Documents\Dynomite (Level Editor)\Images\kroneysandtopsheet.gif=
C:\Users\user\Documents\Dynomite (Level Editor)\Images\kroneysheet.gif=
C:\Users\user\Documents\Dynomite (Level Editor)\Images\LargeDButton.gif=
C:\Users\user\Documents\Dynomite (Level Editor)\Images\leftwall.gif=
C:\Users\user\Documents\Dynomite (Level Editor)\Images\mamameter.gif=
C:\Users\user\Documents\Dynomite (Level Editor)\Images\mamaportrait.gif=
C:\Users\user\Documents\Dynomite (Level Editor)\Images\menuoverlap.gif=
C:\Users\user\Documents\Dynomite (Level Editor)\Images\minidialog.gif=
C:\Users\user\Documents\Dynomite (Level Editor)\Images\overhand.gif=
C:\Users\user\Documents\Dynomite (Level Editor)\Images\Pausebuttons.gif=
C:\Users\user\Documents\Dynomite (Level Editor)\Images\pointer2.gif=
C:\Users\user\Documents\Dynomite (Level Editor)\Images\rightwall.gif=
C:\Users\user\Documents\Dynomite (Level Editor)\Images\rope.gif=
C:\Users\user\Documents\Dynomite (Level Editor)\Images\RowsToGo.gif=
C:\Users\user\Documents\Dynomite (Level Editor)\Images\RubberBand.gif=
C:\Users\user\Documents\Dynomite (Level Editor)\Images\ScoreFont.gif=
C:\Users\user\Documents\Dynomite (Level Editor)\Images\ScrollButtons.gif=
C:\Users\user\Documents\Dynomite (Level Editor)\Images\sidebar.jpg=
C:\Users\user\Documents\Dynomite (Level Editor)\Images\SidebarButtons.gif=
C:\Users\user\Documents\Dynomite (Level Editor)\Images\skillsheet.jpg=
C:\Users\user\Documents\Dynomite (Level Editor)\Images\slider.gif=
C:\Users\user\Documents\Dynomite (Level Editor)\Images\Slingshot.gif=
C:\Users\user\Documents\Dynomite (Level Editor)\Images\sparksheet.gif=
C:\Users\user\Documents\Dynomite (Level Editor)\Images\steggy.gif=
C:\Users\user\Documents\Dynomite (Level Editor)\Images\TankEyeSheet.gif=
C:\Users\user\Documents\Dynomite (Level Editor)\Images\TankMouthSheet.gif=
C:\Users\user\Documents\Dynomite (Level Editor)\Images\tanksheet.gif=
C:\Users\user\Documents\Dynomite (Level Editor)\Images\textballoons.gif=
C:\Users\user\Documents\Dynomite (Level Editor)\Images\TextWords.gif=
C:\Users\user\Documents\Dynomite (Level Editor)\Images\Thermoglow.gif=
C:\Users\user\Documents\Dynomite (Level Editor)\Images\thumb.gif=
C:\Users\user\Documents\Dynomite (Level Editor)\Images\TinyFont.gif=
C:\Users\user\Documents\Dynomite (Level Editor)\Images\typer.gif=
C:\Users\user\Documents\Dynomite (Level Editor)\Images\unregistered.gif=
C:\Users\user\Documents\Dynomite (Level Editor)\Images\WelcomeScreen.gif=
C:\Users\user\Documents\Dynomite (Level Editor)\Images\whirleyalarm.gif=
C:\Users\user\Documents\Dynomite (Level Editor)\Images\whirleysheet.jpg=
C:\Users\user\Documents\Dynomite (Level Editor)\Images\whitefont.png=
C:\Users\user\Documents\Dynomite (Level Editor)\Images\whitefont2.png=
C:\Users\user\Documents\Dynomite (Level Editor)\Images\whitefontsmall.png=
C:\Users\user\Documents\Dynomite (Level Editor)\Images\WizardFont.gif=
C:\Users\user\Documents\Dynomite (Level Editor)\Images\WizardGraphics.jpg=
C:\Users\user\Documents\Dynomite (Level Editor)\Images\wowstarsheet.gif=
C:\Users\user\Documents\Dynomite (Level Editor)\Images\yolksheet.gif=
C:\Users\user\Documents\Dynomite (Level Editor)\Images\ContinueButtonSheet.gif=
C:\Users\user\Documents\Dynomite (Level Editor)\Images\TutorInchy.gif=
C:\Users\user\Documents\Dynomite (Level Editor)\Images\_TutorInchy.gif=
C:\Users\user\Documents\Dynomite (Level Editor)\Images\title.jpg=
C:\Users\user\Documents\Dynomite (Level Editor)\Images\_SteggyTerror.gif=
C:\Users\user\Documents\Dynomite (Level Editor)\Images\_TankSweat.gif=
C:\Users\user\Documents\Dynomite (Level Editor)\Images\_TankTerror.gif=
C:\Users\user\Documents\Dynomite (Level Editor)\Images\SteggyTerror.gif=
C:\Users\user\Documents\Dynomite (Level Editor)\Images\TankSweat.gif=
C:\Users\user\Documents\Dynomite (Level Editor)\Images\TankTerror.gif=
C:\Users\user\Documents\Dynomite (Level Editor)\Images\waitbar.gif=
C:\Users\user\Documents\Dynomite (Level Editor)\Images\Fossils\Trilobyte_.gif=
C:\Users\user\Documents\Dynomite (Level Editor)\Images\Fossils\Ammonite_.gif=
C:\Users\user\Documents\Dynomite (Level Editor)\Images\Fossils\Brachiopod_.gif=
C:\Users\user\Documents\Dynomite (Level Editor)\Images\Fossils\Coelacanth_.gif=
C:\Users\user\Documents\Dynomite (Level Editor)\Images\Fossils\Crinoid_.gif=
C:\Users\user\Documents\Dynomite (Level Editor)\Images\Fossils\TyrannosaurusAttack.gif=
C:\Users\user\Documents\Dynomite (Level Editor)\Images\Fossils\_RexHole.gif=
C:\Users\user\Documents\Dynomite (Level Editor)\Images\Fossils\Ankylosaurus_.gif=
C:\Users\user\Documents\Dynomite (Level Editor)\Images\Fossils\Archaeopteryx_.gif=
C:\Users\user\Documents\Dynomite (Level Editor)\Images\Fossils\Brontosaurus_.gif=
C:\Users\user\Documents\Dynomite (Level Editor)\Images\Fossils\Dimetrodon_.gif=
C:\Users\user\Documents\Dynomite (Level Editor)\Images\Fossils\Parasaurolophus_.gif=
C:\Users\user\Documents\Dynomite (Level Editor)\Images\Fossils\Plateosaurus_.gif=
C:\Users\user\Documents\Dynomite (Level Editor)\Images\Fossils\Pteranodon_.gif=
C:\Users\user\Documents\Dynomite (Level Editor)\Images\Fossils\RexCrack.gif=
C:\Users\user\Documents\Dynomite (Level Editor)\Images\Fossils\RexHole.gif=
C:\Users\user\Documents\Dynomite (Level Editor)\Images\Fossils\Stegosaurus_.gif=
C:\Users\user\Documents\Dynomite (Level Editor)\Images\Fossils\Triceratops_.gif=
C:\Users\user\Documents\Dynomite (Level Editor)\Images\Fossils\Tyrannosaurus_.gif=
C:\Users\user\Documents\Dynomite (Level Editor)\Images\Fossils\Ammonite.jpg=
C:\Users\user\Documents\Dynomite (Level Editor)\Images\Fossils\Ankylosaurus.jpg=
C:\Users\user\Documents\Dynomite (Level Editor)\Images\Fossils\Archaeopteryx.jpg=
C:\Users\user\Documents\Dynomite (Level Editor)\Images\Fossils\Brachiopod.jpg=
C:\Users\user\Documents\Dynomite (Level Editor)\Images\Fossils\Brontosaurus.jpg=
C:\Users\user\Documents\Dynomite (Level Editor)\Images\Fossils\Coelacanth.jpg=
C:\Users\user\Documents\Dynomite (Level Editor)\Images\Fossils\Crinoid.jpg=
C:\Users\user\Documents\Dynomite (Level Editor)\Images\Fossils\Dimetrodon.jpg=
C:\Users\user\Documents\Dynomite (Level Editor)\Images\Fossils\Parasaurolophus.jpg=
C:\Users\user\Documents\Dynomite (Level Editor)\Images\Fossils\Plateosaurus.jpg=
C:\Users\user\Documents\Dynomite (Level Editor)\Images\Fossils\Pteranodon.jpg=
C:\Users\user\Documents\Dynomite (Level Editor)\Images\Fossils\Stegosaurus.jpg=
C:\Users\user\Documents\Dynomite (Level Editor)\Images\Fossils\Triceratops.jpg=
C:\Users\user\Documents\Dynomite (Level Editor)\Images\Fossils\Trilobyte.jpg=
C:\Users\user\Documents\Dynomite (Level Editor)\Images\Fossils\Tyrannosaurus.jpg=
C:\Users\user\Documents\Dynomite (Level Editor)\dynedit.exe=
C:\Users\user\Documents\Dynomite (Level Editor)\data\editorfont.txt=
C:\Users\user\Documents\Dynomite (Level Editor)\images\editor.gif=
C:\Users\user\Documents\Dynomite (Level Editor)\images\_Editor.gif=
C:\Users\user\Documents\Dynomite (Level Editor)\images\editorfont.gif=
C:\Users\user\Documents\Dynomite (Level Editor)\images\_editorfont.gif=
C:\Users\user\Documents\Dynomite (Level Editor)\images\_SkillTokens.gif=
C:\Users\user\Documents\Dynomite (Level Editor)\images\SkillTokens.gif=
C:\Users\user\Documents\Dynomite (Level Editor)\images\editorscaled.gif=

[CreateDirs]
C:\Users\user\Documents\Dynomite (Level Editor)\data=
C:\Users\user\Documents\Dynomite (Level Editor)\sounds=
C:\Users\user\Documents\Dynomite (Level Editor)\music=
C:\Users\user\Documents\Dynomite (Level Editor)\Stomped=
C:\Users\user\Documents\Dynomite (Level Editor)\Images=
C:\Users\user\Documents\Dynomite (Level Editor)\Images\Fossils=

[Display]
Charset=0

[CreateKeys]
HKLM\SOFTWARE\Microsoft\Windows\CurrentVersion\Uninstall\Dynomite 2.01=
HKLM\SOFTWARE\PopCap\Dynomite=
HKLM\SOFTWARE\Microsoft\Windows\CurrentVersion\Uninstall\Dynomite Editor 1.00=

[AddReg]
HKLM\SOFTWARE\PopCap\Dynomite\InstallPath=C:\Users\user\Documents\Dynomite (Level Editor)
HKLM\SOFTWARE\PopCap\Dynomite\ReferId=
HKLM\SOFTWARE\PopCap\Dynomite\DontUpdate=
HKLM\SOFTWARE\PopCap\Dynomite\NoPopLink=

[Shortcuts]
C:\Users\user\AppData\Roaming\Microsoft\Windows\Start Menu\Programs\Play Dynomite.lnk=
C:\Users\user\AppData\Roaming\Microsoft\Windows\Start Menu\Programs\Register Dynomite.lnk=
C:\Users\user\AppData\Roaming\Microsoft\Windows\Start Menu\Programs\View Readme.lnk=
C:\Users\user\AppData\Roaming\Microsoft\Windows\Start Menu\Programs\Visit PopCap.com.lnk=
C:\Users\user\AppData\Roaming\Microsoft\Windows\Start Menu\Programs\Uninstall Dynomite.lnk=
C:\Users\Public\Desktop\Dynomite.lnk=
C:\Users\user\AppData\Roaming\Microsoft\Windows\Start Menu\Programs\Dynomite Editor.lnk=
C:\Users\user\AppData\Roaming\Microsoft\Windows\Start Menu\Programs\Uninstall Dynomite Editor.lnk=
C:\Users\Public\Desktop\Dynomite Editor.lnk=

[Strings]
1=Dynomite Editor 1.00 uninstall
2=Installation log file was not specified!
3=Installation log file %s not found!
4=Are you sure you want to completely remove Dynomite Editor 1.00 and all of its components?
5=Dynomite Editor 1.00 uninstall is complete.
6=Removing files...
7=Removing registry values...
8=Removing registry keys...
9=Removing ini-entries...
10=Removing shortcuts...
11=Removing directories...
12=Unregistering COM servers...
13=Unregistering fonts...
14=Checking shared files...
15=Remove shared file?
16=The system indicates that the following shared file is no longer used by any programs.  If any programs are still using this file and it is removed, those programs may not function.  Are you sure you want to remove the shared file?||||Leaving this file will not harm your system.  If you are not sure what to do, it is suggested that you choose not to remove this shared component.
17=File name:
18=Located in:
19=Yes
20=Yes to all
21=No
22=No to all
23=Close

